<?xml version="1.0" encoding="UTF-8"?>
<testng-results skipped="0" failed="0" ignored="0" total="1" passed="1">
  <reporter-output>
  </reporter-output>
  <suite name="Default suite" duration-ms="1840" started-at="2021-03-13T13:07:18 AST" finished-at="2021-03-13T13:07:20 AST">
    <groups>
    </groups>
    <test name="Default test" duration-ms="1840" started-at="2021-03-13T13:07:18 AST" finished-at="2021-03-13T13:07:20 AST">
      <class name="api_WebServices.TC001_Get_Request">
        <test-method status="PASS" signature="googleMapTest()[pri:0, instance:api_WebServices.TC001_Get_Request@3043fe0e]" name="googleMapTest" duration-ms="1804" started-at="2021-03-13T13:07:18 AST" finished-at="2021-03-13T13:07:20 AST">
          <reporter-output>
          </reporter-output>
        </test-method> <!-- googleMapTest -->
      </class> <!-- api_WebServices.TC001_Get_Request -->
    </test> <!-- Default test -->
  </suite> <!-- Default suite -->
</testng-results>
